[0m15:38:10.755268 [debug] [MainThread]: Sending event: {'category': 'dbt', 'action': 'invocation', 'label': 'start', 'context': [<snowplow_tracker.self_describing_json.SelfDescribingJson object at 0x7fe22bdb39e0>, <snowplow_tracker.self_describing_json.SelfDescribingJson object at 0x7fe229750d70>, <snowplow_tracker.self_describing_json.SelfDescribingJson object at 0x7fe229753140>]}


============================== 15:38:10.882013 | 7fc529e6-a5df-43b4-8776-746aa9b57187 ==============================
[0m15:38:10.882013 [info ] [MainThread]: Running with dbt=1.9.4
[0m15:38:10.883257 [debug] [MainThread]: running dbt with arguments {'printer_width': '80', 'indirect_selection': 'eager', 'write_json': 'True', 'log_cache_events': 'False', 'partial_parse': 'True', 'cache_selected_only': 'False', 'profiles_dir': '/home/quadsilv/.dbt', 'version_check': 'True', 'warn_error': 'None', 'log_path': 'logs', 'debug': 'False', 'fail_fast': 'False', 'use_colors': 'True', 'use_experimental_parser': 'False', 'empty': 'None', 'quiet': 'False', 'no_print': 'None', 'warn_error_options': 'WarnErrorOptions(include=[], exclude=[])', 'static_parser': 'True', 'introspect': 'True', 'log_format': 'default', 'target_path': 'None', 'invocation_command': 'dbt init', 'send_anonymous_usage_stats': 'True'}
[0m15:38:10.988321 [warn ] [MainThread]: [ConfigFolderDirectory]: Unable to parse logging event dictionary. Failed to parse dir field: expected string or bytes-like object, got 'PosixPath'.. Dictionary: {'dir': PosixPath('/home/quadsilv/.dbt')}
[0m15:38:10.989078 [info ] [MainThread]: Creating dbt configuration folder at 
[0m15:43:15.545608 [debug] [MainThread]: Starter project path: /home/quadsilv/projects/uv_dag_dbt_bq/.venv/lib/python3.12/site-packages/dbt/include/starter_project
[0m15:43:15.557142 [info ] [MainThread]: 
Your new dbt project "uv_dag_dbt_bq" was created!

For more information on how to configure the profiles.yml file,
please consult the dbt documentation here:

  https://docs.getdbt.com/docs/configure-your-profile

One more thing:

Need help? Don't hesitate to reach out to us via GitHub issues or on Slack:

  https://community.getdbt.com/

Happy modeling!

[0m15:43:15.558108 [info ] [MainThread]: Setting up your profile.
[0m15:57:03.051428 [info ] [MainThread]: Profile uv_dag_dbt_bq written to /home/quadsilv/.dbt/profiles.yml using target's profile_template.yml and your supplied values. Run 'dbt debug' to validate the connection.
[0m15:57:03.101382 [debug] [MainThread]: Resource report: {"command_name": "init", "command_success": true, "command_wall_clock_time": 1132.5083, "process_in_blocks": "65944", "process_kernel_time": 0.993631, "process_mem_max_rss": "219820", "process_out_blocks": "47672", "process_user_time": 6.764721}
[0m15:57:03.106990 [debug] [MainThread]: Command `dbt init` succeeded at 15:57:03.104729 after 1132.52 seconds
[0m15:57:03.119011 [debug] [MainThread]: Sending event: {'category': 'dbt', 'action': 'invocation', 'label': 'end', 'context': [<snowplow_tracker.self_describing_json.SelfDescribingJson object at 0x7fe22d03f2f0>, <snowplow_tracker.self_describing_json.SelfDescribingJson object at 0x7fe20f3ebce0>, <snowplow_tracker.self_describing_json.SelfDescribingJson object at 0x7fe229062b10>]}
[0m15:57:03.125939 [debug] [MainThread]: Flushing usage events
[0m15:57:03.725118 [debug] [MainThread]: An error was encountered while trying to flush usage events
[0m15:57:35.492289 [debug] [MainThread]: Sending event: {'category': 'dbt', 'action': 'invocation', 'label': 'start', 'context': [<snowplow_tracker.self_describing_json.SelfDescribingJson object at 0x7f4a53a4bf80>, <snowplow_tracker.self_describing_json.SelfDescribingJson object at 0x7f4a539cb140>, <snowplow_tracker.self_describing_json.SelfDescribingJson object at 0x7f4a559f4440>]}


============================== 15:57:35.502076 | 682b1120-a49d-4bc3-bd3a-8a15789902fe ==============================
[0m15:57:35.502076 [info ] [MainThread]: Running with dbt=1.9.4
[0m15:57:35.503034 [debug] [MainThread]: running dbt with arguments {'printer_width': '80', 'indirect_selection': 'eager', 'write_json': 'True', 'log_cache_events': 'False', 'partial_parse': 'True', 'cache_selected_only': 'False', 'profiles_dir': '/home/quadsilv/.dbt', 'fail_fast': 'False', 'warn_error': 'None', 'log_path': 'logs', 'version_check': 'True', 'debug': 'False', 'use_colors': 'True', 'use_experimental_parser': 'False', 'no_print': 'None', 'quiet': 'False', 'empty': 'None', 'warn_error_options': 'WarnErrorOptions(include=[], exclude=[])', 'static_parser': 'True', 'introspect': 'True', 'log_format': 'default', 'target_path': 'None', 'invocation_command': 'dbt debug', 'send_anonymous_usage_stats': 'True'}
[0m15:57:35.541185 [info ] [MainThread]: dbt version: 1.9.4
[0m15:57:35.541925 [info ] [MainThread]: python version: 3.12.3
[0m15:57:35.542771 [info ] [MainThread]: python path: /home/quadsilv/projects/uv_dag_dbt_bq/.venv/bin/python3
[0m15:57:35.545115 [info ] [MainThread]: os info: Linux-5.15.167.4-microsoft-standard-WSL2-x86_64-with-glibc2.39
[0m15:57:37.308935 [info ] [MainThread]: Using profiles dir at /home/quadsilv/.dbt
[0m15:57:37.309801 [info ] [MainThread]: Using profiles.yml file at /home/quadsilv/.dbt/profiles.yml
[0m15:57:37.311149 [info ] [MainThread]: Using dbt_project.yml file at /home/quadsilv/projects/uv_dag_dbt_bq/dbt_project.yml
[0m15:57:37.313018 [info ] [MainThread]: adapter type: bigquery
[0m15:57:37.313796 [info ] [MainThread]: adapter version: 1.9.1
[0m15:57:37.314775 [info ] [MainThread]: Configuration:
[0m15:57:37.316369 [info ] [MainThread]:   profiles.yml file [[32mOK found and valid[0m]
[0m15:57:37.319375 [info ] [MainThread]:   dbt_project.yml file [[31mERROR not found[0m]
[0m15:57:37.320753 [info ] [MainThread]: Required dependencies:
[0m15:57:37.321438 [debug] [MainThread]: Executing "git --help"
[0m15:57:37.362936 [debug] [MainThread]: STDOUT: "b"usage: git [-v | --version] [-h | --help] [-C <path>] [-c <name>=<value>]\n           [--exec-path[=<path>]] [--html-path] [--man-path] [--info-path]\n           [-p | --paginate | -P | --no-pager] [--no-replace-objects] [--bare]\n           [--git-dir=<path>] [--work-tree=<path>] [--namespace=<name>]\n           [--config-env=<name>=<envvar>] <command> [<args>]\n\nThese are common Git commands used in various situations:\n\nstart a working area (see also: git help tutorial)\n   clone     Clone a repository into a new directory\n   init      Create an empty Git repository or reinitialize an existing one\n\nwork on the current change (see also: git help everyday)\n   add       Add file contents to the index\n   mv        Move or rename a file, a directory, or a symlink\n   restore   Restore working tree files\n   rm        Remove files from the working tree and from the index\n\nexamine the history and state (see also: git help revisions)\n   bisect    Use binary search to find the commit that introduced a bug\n   diff      Show changes between commits, commit and working tree, etc\n   grep      Print lines matching a pattern\n   log       Show commit logs\n   show      Show various types of objects\n   status    Show the working tree status\n\ngrow, mark and tweak your common history\n   branch    List, create, or delete branches\n   commit    Record changes to the repository\n   merge     Join two or more development histories together\n   rebase    Reapply commits on top of another base tip\n   reset     Reset current HEAD to the specified state\n   switch    Switch branches\n   tag       Create, list, delete or verify a tag object signed with GPG\n\ncollaborate (see also: git help workflows)\n   fetch     Download objects and refs from another repository\n   pull      Fetch from and integrate with another repository or a local branch\n   push      Update remote refs along with associated objects\n\n'git help -a' and 'git help -g' list available subcommands and some\nconcept guides. See 'git help <command>' or 'git help <concept>'\nto read about a specific subcommand or concept.\nSee 'git help git' for an overview of the system.\n""
[0m15:57:37.365035 [debug] [MainThread]: STDERR: "b''"
[0m15:57:37.365975 [info ] [MainThread]:  - git [[32mOK found[0m]

[0m15:57:37.367171 [info ] [MainThread]: Connection:
[0m15:57:37.370227 [info ] [MainThread]:   method: service-account
[0m15:57:37.371468 [info ] [MainThread]:   database: thibault-bigquery-training
[0m15:57:37.372635 [info ] [MainThread]:   execution_project: thibault-bigquery-training
[0m15:57:37.374007 [info ] [MainThread]:   schema: dbt_quad
[0m15:57:37.375974 [info ] [MainThread]:   location: US
[0m15:57:37.378358 [info ] [MainThread]:   priority: interactive
[0m15:57:37.380522 [info ] [MainThread]:   maximum_bytes_billed: None
[0m15:57:37.384456 [info ] [MainThread]:   impersonate_service_account: None
[0m15:57:37.386899 [info ] [MainThread]:   job_retry_deadline_seconds: None
[0m15:57:37.387764 [info ] [MainThread]:   job_retries: 1
[0m15:57:37.388612 [info ] [MainThread]:   job_creation_timeout_seconds: None
[0m15:57:37.389455 [info ] [MainThread]:   job_execution_timeout_seconds: 300
[0m15:57:37.390230 [info ] [MainThread]:   timeout_seconds: 300
[0m15:57:37.391064 [info ] [MainThread]:   client_id: None
[0m15:57:37.391893 [info ] [MainThread]:   token_uri: None
[0m15:57:37.392715 [info ] [MainThread]:   dataproc_region: None
[0m15:57:37.393491 [info ] [MainThread]:   dataproc_cluster_name: None
[0m15:57:37.394254 [info ] [MainThread]:   gcs_bucket: None
[0m15:57:37.395233 [info ] [MainThread]:   dataproc_batch: None
[0m15:57:37.396643 [info ] [MainThread]: Registered adapter: bigquery=1.9.1
[0m15:57:37.607484 [debug] [MainThread]: Acquiring new bigquery connection 'debug'
[0m15:57:37.608049 [debug] [MainThread]: On debug: select 1 as id
[0m15:57:37.608489 [debug] [MainThread]: Opening a new connection, currently in state init
[0m15:57:38.340250 [debug] [MainThread]: BigQuery adapter: https://console.cloud.google.com/bigquery?project=thibault-bigquery-training&j=bq:US:7fdc04b5-86f5-4a31-b20a-78af4a8a11a3&page=queryresults
[0m15:57:39.100102 [info ] [MainThread]:   Connection test: [[32mOK connection ok[0m]

[0m15:57:39.101368 [info ] [MainThread]: [31m1 check failed:[0m
[0m15:57:39.102782 [info ] [MainThread]: Project loading failed for the following reason:
 project path </home/quadsilv/projects/uv_dag_dbt_bq/dbt_project.yml> not found

[0m15:57:39.106036 [debug] [MainThread]: Resource report: {"command_name": "debug", "command_success": false, "command_wall_clock_time": 3.7224932, "process_in_blocks": "5144", "process_kernel_time": 1.288571, "process_mem_max_rss": "220888", "process_out_blocks": "328", "process_user_time": 5.044406}
[0m15:57:39.107265 [debug] [MainThread]: Command `dbt debug` failed at 15:57:39.106964 after 3.72 seconds
[0m15:57:39.108122 [debug] [MainThread]: Connection 'debug' was properly closed.
[0m15:57:39.109157 [debug] [MainThread]: Sending event: {'category': 'dbt', 'action': 'invocation', 'label': 'end', 'context': [<snowplow_tracker.self_describing_json.SelfDescribingJson object at 0x7f4a534199a0>, <snowplow_tracker.self_describing_json.SelfDescribingJson object at 0x7f4a3d473aa0>, <snowplow_tracker.self_describing_json.SelfDescribingJson object at 0x7f4a535a9460>]}
[0m15:57:39.110393 [debug] [MainThread]: Flushing usage events
[0m15:57:39.568649 [debug] [MainThread]: An error was encountered while trying to flush usage events
